2025-03-20 22:17:20,584 [ERROR] Error fetching API data: Invalid URL 'None': No scheme supplied. Perhaps you meant https://None?
2025-03-20 22:18:35,921 [ERROR] Error fetching API data: Invalid URL 'None': No scheme supplied. Perhaps you meant https://None?
2025-03-22 14:14:52,632 [ERROR] Error fetching API data: Invalid URL 'None': No scheme supplied. Perhaps you meant https://None?
2025-03-22 14:15:55,353 [ERROR] Error fetching API data: Invalid URL 'None': No scheme supplied. Perhaps you meant https://None?
2025-03-22 14:17:51,202 [ERROR] Error fetching API data: Invalid URL 'None': No scheme supplied. Perhaps you meant https://None?
2025-03-22 14:19:45,593 [ERROR] Error fetching API data: Invalid URL 'None': No scheme supplied. Perhaps you meant https://None?
2025-03-22 14:21:39,383 [ERROR] Error fetching API data: Invalid URL 'None': No scheme supplied. Perhaps you meant https://None?
2025-03-22 14:25:13,020 [ERROR] Error fetching API data: Invalid URL 'None': No scheme supplied. Perhaps you meant https://None?
2025-03-22 14:25:57,744 [ERROR] Error fetching API data: Invalid URL 'None': No scheme supplied. Perhaps you meant https://None?
2025-03-22 14:29:26,825 [ERROR] Error fetching API data: Invalid URL 'None': No scheme supplied. Perhaps you meant https://None?
2025-03-22 14:31:05,170 [ERROR] Error fetching API data: HTTPConnectionPool(host='127.0.0.1', port=5000): Max retries exceeded with url: /api/flights?limit=10 (Caused by NewConnectionError('<urllib3.connection.HTTPConnection object at 0x0000014BFAA882F0>: Failed to establish a new connection: [WinError 10061] No connection could be made because the target machine actively refused it'))
2025-03-22 14:43:02,405 [ERROR] Error fetching API data: HTTPConnectionPool(host='127.0.0.1', port=5000): Max retries exceeded with url: /api/flights?limit=10 (Caused by NewConnectionError('<urllib3.connection.HTTPConnection object at 0x000001ACDF9582F0>: Failed to establish a new connection: [WinError 10061] No connection could be made because the target machine actively refused it'))
2025-03-23 12:51:20,199 [ERROR] Error fetching API data: 500 Server Error: Internal Server Error for url: https://opensky-network.org/ap?limit=10
2025-03-23 12:53:13,575 [INFO] API data fetched successfully.
2025-03-23 12:53:13,713 [ERROR] MySQL Error: 2017 (HY000): Can't open named pipe to host: .  pipe: MySQL (2)
2025-03-23 12:59:27,017 [ERROR] Error fetching API data: 403 Client Error:  for url: https://opensky-network.org/api/states/all
2025-03-23 13:01:52,280 [ERROR] Error fetching API data: 403 Client Error:  for url: https://opensky-network.org/api/states/all
2025-03-23 13:06:42,033 [ERROR] MySQL Error: 2017 (HY000): Can't open named pipe to host: .  pipe: MySQL (2)
2025-03-23 13:07:14,773 [ERROR] MySQL Error: 2017 (HY000): Can't open named pipe to host: .  pipe: MySQL (2)
2025-03-23 13:07:26,636 [ERROR] MySQL Error: 2017 (HY000): Can't open named pipe to host: .  pipe: MySQL (2)
2025-03-23 13:07:52,759 [ERROR] MySQL Error: 2017 (HY000): Can't open named pipe to host: .  pipe: MySQL (2)
2025-03-23 13:15:18,273 [ERROR] Error fetching API data: 403 Client Error:  for url: https://opensky-network.org/api/states/all
2025-03-23 13:19:38,537 [ERROR] Error fetching API data: 403 Client Error:  for url: https://opensky-network.org/api/states/all
2025-03-23 13:22:05,680 [ERROR] Error fetching API data: 403 Client Error:  for url: https://opensky-network.org/api/states/all
2025-03-23 13:26:35,770 [ERROR] Error fetching API data: 403 Client Error:  for url: https://opensky-network.org/api/states/all
2025-03-23 13:28:46,621 [ERROR] Error fetching API data: 403 Client Error:  for url: https://opensky-network.org/api/states/all
2025-03-23 13:30:56,812 [ERROR] Error fetching API data: 403 Client Error:  for url: https://opensky-network.org/api/states/all
